<?xml version="1.0" encoding="UTF-8"?>
<!-- Generated by org.testng.reporters.JUnitReportReporter -->
<testsuite hostname="DESKTOP-9INP9V7" failures="0" tests="5" name="com.training.Test.SalesForceAutomationTestCasesForLeads" time="73.178" errors="0" timestamp="2024-06-22T14:54:22 GMT-07:00" skipped="0">
  <testcase classname="com.training.Test.SalesForceAutomationTestCasesForLeads" name="TestCase23" time="13.445"/>
  <system-out/>
  <testcase classname="com.training.Test.SalesForceAutomationTestCasesForLeads" name="TestCase24" time="16.006"/>
  <system-out/>
  <testcase classname="com.training.Test.SalesForceAutomationTestCasesForLeads" name="TestCase20" time="12.786"/>
  <system-out/>
  <testcase classname="com.training.Test.SalesForceAutomationTestCasesForLeads" name="TestCase21" time="9.493"/>
  <system-out/>
  <testcase classname="com.training.Test.SalesForceAutomationTestCasesForLeads" name="TestCase22" time="21.448"/>
  <system-out/>
</testsuite> <!-- com.training.Test.SalesForceAutomationTestCasesForLeads -->
